<?xml version="1.0" encoding="utf-8"?><testsuites name="pytest tests"><testsuite name="pytest" errors="0" failures="0" skipped="0" tests="9" time="2.364" timestamp="2026-06-17T03:47:46.919782+00:00" hostname="agent-env-11e631b0-9dc1-4e9d-bab0-1dc791309046"><testcase classname="backend.tests.test_flowstar_api" name="test_health" time="1.360" /><testcase classname="backend.tests.test_flowstar_api" name="test_blog_list" time="0.126" /><testcase classname="backend.tests.test_flowstar_api" name="test_blog_single_valid" time="0.127" /><testcase classname="backend.tests.test_flowstar_api" name="test_blog_single_invalid" time="0.140" /><testcase classname="backend.tests.test_flowstar_api" name="test_create_lead_full" time="0.121" /><testcase classname="backend.tests.test_flowstar_api" name="test_create_lead_invalid_email" time="0.126" /><testcase classname="backend.tests.test_flowstar_api" name="test_create_lead_without_resend_does_not_fail" time="0.092" /><testcase classname="backend.tests.test_flowstar_api" name="test_list_leads_sorted_desc" time="0.103" /><testcase classname="backend.tests.test_flowstar_api" name="test_create_contact" time="0.090" /></testsuite></testsuites>